[26-Dec-2017 17:47:36 Asia/Tokyo] PHP Parse error:  syntax error, unexpected '->' (T_OBJECT_OPERATOR) in /home/ubuntu/workspace/task-list/storage/framework/views/77eaeac85287f7a182e9d84d2f97c145 on line 8
[26-Dec-2017 17:47:36 Asia/Tokyo] PHP Stack trace:
[26-Dec-2017 17:47:36 Asia/Tokyo] PHP   1. {main}() /home/ubuntu/workspace/task-list/server.php:0
[26-Dec-2017 17:47:36 Asia/Tokyo] PHP   2. require_once() /home/ubuntu/workspace/task-list/server.php:21
[26-Dec-2017 17:47:36 Asia/Tokyo] PHP   3. Illuminate\Foundation\Http\Kernel->handle() /home/ubuntu/workspace/task-list/public/index.php:54
[26-Dec-2017 17:47:36 Asia/Tokyo] PHP   4. Illuminate\Foundation\Http\Kernel->sendRequestThroughRouter() /home/ubuntu/workspace/task-list/vendor/laravel/framework/src/Illuminate/Foundation/Http/Kernel.php:87
[26-Dec-2017 17:47:36 Asia/Tokyo] PHP   5. Illuminate\Pipeline\Pipeline->then() /home/ubuntu/workspace/task-list/vendor/laravel/framework/src/Illuminate/Foundation/Http/Kernel.php:122
[26-Dec-2017 17:47:36 Asia/Tokyo] PHP   6. call_user_func:{/home/ubuntu/workspace/task-list/vendor/laravel/framework/src/Illuminate/Pipeline/Pipeline.php:103}() /home/ubuntu/workspace/task-list/vendor/laravel/framework/src/Illuminate/Pipeline/Pipeline.php:103
[26-Dec-2017 17:47:36 Asia/Tokyo] PHP   7. Illuminate\Pipeline\Pipeline->Illuminate\Pipeline\{closure}() /home/ubuntu/workspace/task-list/vendor/laravel/framework/src/Illuminate/Pipeline/Pipeline.php:103
[26-Dec-2017 17:47:36 Asia/Tokyo] PHP   8. call_user_func_array:{/home/ubuntu/workspace/task-list/vendor/laravel/framework/src/Illuminate/Pipeline/Pipeline.php:124}() /home/ubuntu/workspace/task-list/vendor/laravel/framework/src/Illuminate/Pipeline/Pipeline.php:124
[26-Dec-2017 17:47:36 Asia/Tokyo] PHP   9. Illuminate\Foundation\Http\Middleware\CheckForMaintenanceMode->handle() /home/ubuntu/workspace/task-list/vendor/laravel/framework/src/Illuminate/Pipeline/Pipeline.php:124
[26-Dec-2017 17:47:36 Asia/Tokyo] PHP  10. Illuminate\Pipeline\Pipeline->Illuminate\Pipeline\{closure}() /home/ubuntu/workspace/task-list/vendor/laravel/framework/src/Illuminate/Foundation/Http/Middleware/CheckForMaintenanceMode.php:44
[26-Dec-2017 17:47:36 Asia/Tokyo] PHP  11. call_user_func_array:{/home/ubuntu/workspace/task-list/vendor/laravel/framework/src/Illuminate/Pipeline/Pipeline.php:124}() /home/ubuntu/workspace/task-list/vendor/laravel/framework/src/Illuminate/Pipeline/Pipeline.php:124
[26-Dec-2017 17:47:36 Asia/Tokyo] PHP  12. Illuminate\Cookie\Middleware\EncryptCookies->handle() /home/ubuntu/workspace/task-list/vendor/laravel/framework/src/Illuminate/Pipeline/Pipeline.php:124
[26-Dec-2017 17:47:36 Asia/Tokyo] PHP  13. Illuminate\Pipeline\Pipeline->Illuminate\Pipeline\{closure}() /home/ubuntu/workspace/task-list/vendor/laravel/framework/src/Illuminate/Cookie/Middleware/EncryptCookies.php:59
[26-Dec-2017 17:47:36 Asia/Tokyo] PHP  14. call_user_func_array:{/home/ubuntu/workspace/task-list/vendor/laravel/framework/src/Illuminate/Pipeline/Pipeline.php:124}() /home/ubuntu/workspace/task-list/vendor/laravel/framework/src/Illuminate/Pipeline/Pipeline.php:124
[26-Dec-2017 17:47:36 Asia/Tokyo] PHP  15. Illuminate\Cookie\Middleware\AddQueuedCookiesToResponse->handle() /home/ubuntu/workspace/task-list/vendor/laravel/framework/src/Illuminate/Pipeline/Pipeline.php:124
[26-Dec-2017 17:47:36 Asia/Tokyo] PHP  16. Illuminate\Pipeline\Pipeline->Illuminate\Pipeline\{closure}() /home/ubuntu/workspace/task-list/vendor/laravel/framework/src/Illuminate/Cookie/Middleware/AddQueuedCookiesToResponse.php:37
[26-Dec-2017 17:47:36 Asia/Tokyo] PHP  17. call_user_func_array:{/home/ubuntu/workspace/task-list/vendor/laravel/framework/src/Illuminate/Pipeline/Pipeline.php:124}() /home/ubuntu/workspace/task-list/vendor/laravel/framework/src/Illuminate/Pipeline/Pipeline.php:124
[26-Dec-2017 17:47:36 Asia/Tokyo] PHP  18. Illuminate\Session\Middleware\StartSession->handle() /home/ubuntu/workspace/task-list/vendor/laravel/framework/src/Illuminate/Pipeline/Pipeline.php:124
[26-Dec-2017 17:47:36 Asia/Tokyo] PHP  19. Illuminate\Pipeline\Pipeline->Illuminate\Pipeline\{closure}() /home/ubuntu/workspace/task-list/vendor/laravel/framework/src/Illuminate/Session/Middleware/StartSession.php:62
[26-Dec-2017 17:47:36 Asia/Tokyo] PHP  20. call_user_func_array:{/home/ubuntu/workspace/task-list/vendor/laravel/framework/src/Illuminate/Pipeline/Pipeline.php:124}() /home/ubuntu/workspace/task-list/vendor/laravel/framework/src/Illuminate/Pipeline/Pipeline.php:124
[26-Dec-2017 17:47:36 Asia/Tokyo] PHP  21. Illuminate\View\Middleware\ShareErrorsFromSession->handle() /home/ubuntu/workspace/task-list/vendor/laravel/framework/src/Illuminate/Pipeline/Pipeline.php:124
[26-Dec-2017 17:47:36 Asia/Tokyo] PHP  22. Illuminate\Pipeline\Pipeline->Illuminate\Pipeline\{closure}() /home/ubuntu/workspace/task-list/vendor/laravel/framework/src/Illuminate/View/Middleware/ShareErrorsFromSession.php:49
[26-Dec-2017 17:47:36 Asia/Tokyo] PHP  23. call_user_func_array:{/home/ubuntu/workspace/task-list/vendor/laravel/framework/src/Illuminate/Pipeline/Pipeline.php:124}() /home/ubuntu/workspace/task-list/vendor/laravel/framework/src/Illuminate/Pipeline/Pipeline.php:124
[26-Dec-2017 17:47:36 Asia/Tokyo] PHP  24. Illuminate\Foundation\Http\Middleware\VerifyCsrfToken->handle() /home/ubuntu/workspace/task-list/vendor/laravel/framework/src/Illuminate/Pipeline/Pipeline.php:124
[26-Dec-2017 17:47:36 Asia/Tokyo] PHP  25. Illuminate\Pipeline\Pipeline->Illuminate\Pipeline\{closure}() /home/ubuntu/workspace/task-list/vendor/laravel/framework/src/Illuminate/Foundation/Http/Middleware/VerifyCsrfToken.php:50
[26-Dec-2017 17:47:36 Asia/Tokyo] PHP  26. call_user_func:{/home/ubuntu/workspace/task-list/vendor/laravel/framework/src/Illuminate/Pipeline/Pipeline.php:139}() /home/ubuntu/workspace/task-list/vendor/laravel/framework/src/Illuminate/Pipeline/Pipeline.php:139
[26-Dec-2017 17:47:36 Asia/Tokyo] PHP  27. Illuminate\Foundation\Http\Kernel->Illuminate\Foundation\Http\{closure}() /home/ubuntu/workspace/task-list/vendor/laravel/framework/src/Illuminate/Pipeline/Pipeline.php:139
[26-Dec-2017 17:47:36 Asia/Tokyo] PHP  28. Illuminate\Routing\Router->dispatch() /home/ubuntu/workspace/task-list/vendor/laravel/framework/src/Illuminate/Foundation/Http/Kernel.php:236
[26-Dec-2017 17:47:36 Asia/Tokyo] PHP  29. Illuminate\Routing\Router->dispatchToRoute() /home/ubuntu/workspace/task-list/vendor/laravel/framework/src/Illuminate/Routing/Router.php:635
[26-Dec-2017 17:47:36 Asia/Tokyo] PHP  30. Illuminate\Routing\Router->runRouteWithinStack() /home/ubuntu/workspace/task-list/vendor/laravel/framework/src/Illuminate/Routing/Router.php:675
[26-Dec-2017 17:47:36 Asia/Tokyo] PHP  31. Illuminate\Pipeline\Pipeline->then() /home/ubuntu/workspace/task-list/vendor/laravel/framework/src/Illuminate/Routing/Router.php:710
[26-Dec-2017 17:47:36 Asia/Tokyo] PHP  32. call_user_func:{/home/ubuntu/workspace/task-list/vendor/laravel/framework/src/Illuminate/Pipeline/Pipeline.php:103}() /home/ubuntu/workspace/task-list/vendor/laravel/framework/src/Illuminate/Pipeline/Pipeline.php:103
[26-Dec-2017 17:47:36 Asia/Tokyo] PHP  33. Illuminate\Pipeline\Pipeline->Illuminate\Pipeline\{closure}() /home/ubuntu/workspace/task-list/vendor/laravel/framework/src/Illuminate/Pipeline/Pipeline.php:103
[26-Dec-2017 17:47:36 Asia/Tokyo] PHP  34. call_user_func:{/home/ubuntu/workspace/task-list/vendor/laravel/framework/src/Illuminate/Pipeline/Pipeline.php:139}() /home/ubuntu/workspace/task-list/vendor/laravel/framework/src/Illuminate/Pipeline/Pipeline.php:139
[26-Dec-2017 17:47:36 Asia/Tokyo] PHP  35. Illuminate\Routing\Router->Illuminate\Routing\{closure}() /home/ubuntu/workspace/task-list/vendor/laravel/framework/src/Illuminate/Pipeline/Pipeline.php:139
[26-Dec-2017 17:47:36 Asia/Tokyo] PHP  36. Illuminate\Routing\Route->run() /home/ubuntu/workspace/task-list/vendor/laravel/framework/src/Illuminate/Routing/Router.php:708
[26-Dec-2017 17:47:36 Asia/Tokyo] PHP  37. Illuminate\Routing\Route->runWithCustomDispatcher() /home/ubuntu/workspace/task-list/vendor/laravel/framework/src/Illuminate/Routing/Route.php:134
[26-Dec-2017 17:47:36 Asia/Tokyo] PHP  38. Illuminate\Routing\ControllerDispatcher->dispatch() /home/ubuntu/workspace/task-list/vendor/laravel/framework/src/Illuminate/Routing/Route.php:203
[26-Dec-2017 17:47:36 Asia/Tokyo] PHP  39. Illuminate\Routing\ControllerDispatcher->callWithinStack() /home/ubuntu/workspace/task-list/vendor/laravel/framework/src/Illuminate/Routing/ControllerDispatcher.php:69
[26-Dec-2017 17:47:36 Asia/Tokyo] PHP  40. Illuminate\Pipeline\Pipeline->then() /home/ubuntu/workspace/task-list/vendor/laravel/framework/src/Illuminate/Routing/ControllerDispatcher.php:114
[26-Dec-2017 17:47:36 Asia/Tokyo] PHP  41. call_user_func:{/home/ubuntu/workspace/task-list/vendor/laravel/framework/src/Illuminate/Pipeline/Pipeline.php:103}() /home/ubuntu/workspace/task-list/vendor/laravel/framework/src/Illuminate/Pipeline/Pipeline.php:103
[26-Dec-2017 17:47:36 Asia/Tokyo] PHP  42. Illuminate\Pipeline\Pipeline->Illuminate\Pipeline\{closure}() /home/ubuntu/workspace/task-list/vendor/laravel/framework/src/Illuminate/Pipeline/Pipeline.php:103
[26-Dec-2017 17:47:36 Asia/Tokyo] PHP  43. call_user_func:{/home/ubuntu/workspace/task-list/vendor/laravel/framework/src/Illuminate/Pipeline/Pipeline.php:139}() /home/ubuntu/workspace/task-list/vendor/laravel/framework/src/Illuminate/Pipeline/Pipeline.php:139
[26-Dec-2017 17:47:36 Asia/Tokyo] PHP  44. Illuminate\Routing\ControllerDispatcher->Illuminate\Routing\{closure}() /home/ubuntu/workspace/task-list/vendor/laravel/framework/src/Illuminate/Pipeline/Pipeline.php:139
[26-Dec-2017 17:47:36 Asia/Tokyo] PHP  45. Illuminate\Routing\Router->prepareResponse() /home/ubuntu/workspace/task-list/vendor/laravel/framework/src/Illuminate/Routing/ControllerDispatcher.php:113
[26-Dec-2017 17:47:36 Asia/Tokyo] PHP  46. Symfony\Component\HttpFoundation\Response->__construct() /home/ubuntu/workspace/task-list/vendor/laravel/framework/src/Illuminate/Routing/Router.php:1229
[26-Dec-2017 17:47:36 Asia/Tokyo] PHP  47. Illuminate\Http\Response->setContent() /home/ubuntu/workspace/task-list/vendor/symfony/http-foundation/Response.php:201
[26-Dec-2017 17:47:36 Asia/Tokyo] PHP  48. Illuminate\View\View->render() /home/ubuntu/workspace/task-list/vendor/laravel/framework/src/Illuminate/Http/Response.php:51
[26-Dec-2017 17:47:36 Asia/Tokyo] PHP  49. Illuminate\View\View->renderContents() /home/ubuntu/workspace/task-list/vendor/laravel/framework/src/Illuminate/View/View.php:83
[26-Dec-2017 17:47:36 Asia/Tokyo] PHP  50. Illuminate\View\View->getContents() /home/ubuntu/workspace/task-list/vendor/laravel/framework/src/Illuminate/View/View.php:118
[26-Dec-2017 17:47:36 Asia/Tokyo] PHP  51. Illuminate\View\Engines\CompilerEngine->get() /home/ubuntu/workspace/task-list/vendor/laravel/framework/src/Illuminate/View/View.php:147
[26-Dec-2017 17:47:36 Asia/Tokyo] PHP  52. Illuminate\View\Engines\PhpEngine->evaluatePath() /home/ubuntu/workspace/task-list/vendor/laravel/framework/src/Illuminate/View/Engines/CompilerEngine.php:58
[26-Dec-2017 17:50:34 Asia/Tokyo] PHP Parse error:  syntax error, unexpected end of file in /home/ubuntu/workspace/task-list/storage/framework/views/77eaeac85287f7a182e9d84d2f97c145 on line 13
[26-Dec-2017 17:50:34 Asia/Tokyo] PHP Stack trace:
[26-Dec-2017 17:50:34 Asia/Tokyo] PHP   1. {main}() /home/ubuntu/workspace/task-list/server.php:0
[26-Dec-2017 17:50:34 Asia/Tokyo] PHP   2. require_once() /home/ubuntu/workspace/task-list/server.php:21
[26-Dec-2017 17:50:34 Asia/Tokyo] PHP   3. Illuminate\Foundation\Http\Kernel->handle() /home/ubuntu/workspace/task-list/public/index.php:54
[26-Dec-2017 17:50:34 Asia/Tokyo] PHP   4. Illuminate\Foundation\Http\Kernel->sendRequestThroughRouter() /home/ubuntu/workspace/task-list/vendor/laravel/framework/src/Illuminate/Foundation/Http/Kernel.php:87
[26-Dec-2017 17:50:34 Asia/Tokyo] PHP   5. Illuminate\Pipeline\Pipeline->then() /home/ubuntu/workspace/task-list/vendor/laravel/framework/src/Illuminate/Foundation/Http/Kernel.php:122
[26-Dec-2017 17:50:34 Asia/Tokyo] PHP   6. call_user_func:{/home/ubuntu/workspace/task-list/vendor/laravel/framework/src/Illuminate/Pipeline/Pipeline.php:103}() /home/ubuntu/workspace/task-list/vendor/laravel/framework/src/Illuminate/Pipeline/Pipeline.php:103
[26-Dec-2017 17:50:34 Asia/Tokyo] PHP   7. Illuminate\Pipeline\Pipeline->Illuminate\Pipeline\{closure}() /home/ubuntu/workspace/task-list/vendor/laravel/framework/src/Illuminate/Pipeline/Pipeline.php:103
[26-Dec-2017 17:50:34 Asia/Tokyo] PHP   8. call_user_func_array:{/home/ubuntu/workspace/task-list/vendor/laravel/framework/src/Illuminate/Pipeline/Pipeline.php:124}() /home/ubuntu/workspace/task-list/vendor/laravel/framework/src/Illuminate/Pipeline/Pipeline.php:124
[26-Dec-2017 17:50:34 Asia/Tokyo] PHP   9. Illuminate\Foundation\Http\Middleware\CheckForMaintenanceMode->handle() /home/ubuntu/workspace/task-list/vendor/laravel/framework/src/Illuminate/Pipeline/Pipeline.php:124
[26-Dec-2017 17:50:34 Asia/Tokyo] PHP  10. Illuminate\Pipeline\Pipeline->Illuminate\Pipeline\{closure}() /home/ubuntu/workspace/task-list/vendor/laravel/framework/src/Illuminate/Foundation/Http/Middleware/CheckForMaintenanceMode.php:44
[26-Dec-2017 17:50:34 Asia/Tokyo] PHP  11. call_user_func_array:{/home/ubuntu/workspace/task-list/vendor/laravel/framework/src/Illuminate/Pipeline/Pipeline.php:124}() /home/ubuntu/workspace/task-list/vendor/laravel/framework/src/Illuminate/Pipeline/Pipeline.php:124
[26-Dec-2017 17:50:34 Asia/Tokyo] PHP  12. Illuminate\Cookie\Middleware\EncryptCookies->handle() /home/ubuntu/workspace/task-list/vendor/laravel/framework/src/Illuminate/Pipeline/Pipeline.php:124
[26-Dec-2017 17:50:34 Asia/Tokyo] PHP  13. Illuminate\Pipeline\Pipeline->Illuminate\Pipeline\{closure}() /home/ubuntu/workspace/task-list/vendor/laravel/framework/src/Illuminate/Cookie/Middleware/EncryptCookies.php:59
[26-Dec-2017 17:50:34 Asia/Tokyo] PHP  14. call_user_func_array:{/home/ubuntu/workspace/task-list/vendor/laravel/framework/src/Illuminate/Pipeline/Pipeline.php:124}() /home/ubuntu/workspace/task-list/vendor/laravel/framework/src/Illuminate/Pipeline/Pipeline.php:124
[26-Dec-2017 17:50:34 Asia/Tokyo] PHP  15. Illuminate\Cookie\Middleware\AddQueuedCookiesToResponse->handle() /home/ubuntu/workspace/task-list/vendor/laravel/framework/src/Illuminate/Pipeline/Pipeline.php:124
[26-Dec-2017 17:50:34 Asia/Tokyo] PHP  16. Illuminate\Pipeline\Pipeline->Illuminate\Pipeline\{closure}() /home/ubuntu/workspace/task-list/vendor/laravel/framework/src/Illuminate/Cookie/Middleware/AddQueuedCookiesToResponse.php:37
[26-Dec-2017 17:50:34 Asia/Tokyo] PHP  17. call_user_func_array:{/home/ubuntu/workspace/task-list/vendor/laravel/framework/src/Illuminate/Pipeline/Pipeline.php:124}() /home/ubuntu/workspace/task-list/vendor/laravel/framework/src/Illuminate/Pipeline/Pipeline.php:124
[26-Dec-2017 17:50:34 Asia/Tokyo] PHP  18. Illuminate\Session\Middleware\StartSession->handle() /home/ubuntu/workspace/task-list/vendor/laravel/framework/src/Illuminate/Pipeline/Pipeline.php:124
[26-Dec-2017 17:50:34 Asia/Tokyo] PHP  19. Illuminate\Pipeline\Pipeline->Illuminate\Pipeline\{closure}() /home/ubuntu/workspace/task-list/vendor/laravel/framework/src/Illuminate/Session/Middleware/StartSession.php:62
[26-Dec-2017 17:50:34 Asia/Tokyo] PHP  20. call_user_func_array:{/home/ubuntu/workspace/task-list/vendor/laravel/framework/src/Illuminate/Pipeline/Pipeline.php:124}() /home/ubuntu/workspace/task-list/vendor/laravel/framework/src/Illuminate/Pipeline/Pipeline.php:124
[26-Dec-2017 17:50:34 Asia/Tokyo] PHP  21. Illuminate\View\Middleware\ShareErrorsFromSession->handle() /home/ubuntu/workspace/task-list/vendor/laravel/framework/src/Illuminate/Pipeline/Pipeline.php:124
[26-Dec-2017 17:50:34 Asia/Tokyo] PHP  22. Illuminate\Pipeline\Pipeline->Illuminate\Pipeline\{closure}() /home/ubuntu/workspace/task-list/vendor/laravel/framework/src/Illuminate/View/Middleware/ShareErrorsFromSession.php:49
[26-Dec-2017 17:50:34 Asia/Tokyo] PHP  23. call_user_func_array:{/home/ubuntu/workspace/task-list/vendor/laravel/framework/src/Illuminate/Pipeline/Pipeline.php:124}() /home/ubuntu/workspace/task-list/vendor/laravel/framework/src/Illuminate/Pipeline/Pipeline.php:124
[26-Dec-2017 17:50:34 Asia/Tokyo] PHP  24. Illuminate\Foundation\Http\Middleware\VerifyCsrfToken->handle() /home/ubuntu/workspace/task-list/vendor/laravel/framework/src/Illuminate/Pipeline/Pipeline.php:124
[26-Dec-2017 17:50:34 Asia/Tokyo] PHP  25. Illuminate\Pipeline\Pipeline->Illuminate\Pipeline\{closure}() /home/ubuntu/workspace/task-list/vendor/laravel/framework/src/Illuminate/Foundation/Http/Middleware/VerifyCsrfToken.php:50
[26-Dec-2017 17:50:34 Asia/Tokyo] PHP  26. call_user_func:{/home/ubuntu/workspace/task-list/vendor/laravel/framework/src/Illuminate/Pipeline/Pipeline.php:139}() /home/ubuntu/workspace/task-list/vendor/laravel/framework/src/Illuminate/Pipeline/Pipeline.php:139
[26-Dec-2017 17:50:34 Asia/Tokyo] PHP  27. Illuminate\Foundation\Http\Kernel->Illuminate\Foundation\Http\{closure}() /home/ubuntu/workspace/task-list/vendor/laravel/framework/src/Illuminate/Pipeline/Pipeline.php:139
[26-Dec-2017 17:50:34 Asia/Tokyo] PHP  28. Illuminate\Routing\Router->dispatch() /home/ubuntu/workspace/task-list/vendor/laravel/framework/src/Illuminate/Foundation/Http/Kernel.php:236
[26-Dec-2017 17:50:34 Asia/Tokyo] PHP  29. Illuminate\Routing\Router->dispatchToRoute() /home/ubuntu/workspace/task-list/vendor/laravel/framework/src/Illuminate/Routing/Router.php:635
[26-Dec-2017 17:50:34 Asia/Tokyo] PHP  30. Illuminate\Routing\Router->runRouteWithinStack() /home/ubuntu/workspace/task-list/vendor/laravel/framework/src/Illuminate/Routing/Router.php:675
[26-Dec-2017 17:50:34 Asia/Tokyo] PHP  31. Illuminate\Pipeline\Pipeline->then() /home/ubuntu/workspace/task-list/vendor/laravel/framework/src/Illuminate/Routing/Router.php:710
[26-Dec-2017 17:50:34 Asia/Tokyo] PHP  32. call_user_func:{/home/ubuntu/workspace/task-list/vendor/laravel/framework/src/Illuminate/Pipeline/Pipeline.php:103}() /home/ubuntu/workspace/task-list/vendor/laravel/framework/src/Illuminate/Pipeline/Pipeline.php:103
[26-Dec-2017 17:50:34 Asia/Tokyo] PHP  33. Illuminate\Pipeline\Pipeline->Illuminate\Pipeline\{closure}() /home/ubuntu/workspace/task-list/vendor/laravel/framework/src/Illuminate/Pipeline/Pipeline.php:103
[26-Dec-2017 17:50:34 Asia/Tokyo] PHP  34. call_user_func:{/home/ubuntu/workspace/task-list/vendor/laravel/framework/src/Illuminate/Pipeline/Pipeline.php:139}() /home/ubuntu/workspace/task-list/vendor/laravel/framework/src/Illuminate/Pipeline/Pipeline.php:139
[26-Dec-2017 17:50:34 Asia/Tokyo] PHP  35. Illuminate\Routing\Router->Illuminate\Routing\{closure}() /home/ubuntu/workspace/task-list/vendor/laravel/framework/src/Illuminate/Pipeline/Pipeline.php:139
[26-Dec-2017 17:50:34 Asia/Tokyo] PHP  36. Illuminate\Routing\Route->run() /home/ubuntu/workspace/task-list/vendor/laravel/framework/src/Illuminate/Routing/Router.php:708
[26-Dec-2017 17:50:34 Asia/Tokyo] PHP  37. Illuminate\Routing\Route->runWithCustomDispatcher() /home/ubuntu/workspace/task-list/vendor/laravel/framework/src/Illuminate/Routing/Route.php:134
[26-Dec-2017 17:50:34 Asia/Tokyo] PHP  38. Illuminate\Routing\ControllerDispatcher->dispatch() /home/ubuntu/workspace/task-list/vendor/laravel/framework/src/Illuminate/Routing/Route.php:203
[26-Dec-2017 17:50:34 Asia/Tokyo] PHP  39. Illuminate\Routing\ControllerDispatcher->callWithinStack() /home/ubuntu/workspace/task-list/vendor/laravel/framework/src/Illuminate/Routing/ControllerDispatcher.php:69
[26-Dec-2017 17:50:34 Asia/Tokyo] PHP  40. Illuminate\Pipeline\Pipeline->then() /home/ubuntu/workspace/task-list/vendor/laravel/framework/src/Illuminate/Routing/ControllerDispatcher.php:114
[26-Dec-2017 17:50:34 Asia/Tokyo] PHP  41. call_user_func:{/home/ubuntu/workspace/task-list/vendor/laravel/framework/src/Illuminate/Pipeline/Pipeline.php:103}() /home/ubuntu/workspace/task-list/vendor/laravel/framework/src/Illuminate/Pipeline/Pipeline.php:103
[26-Dec-2017 17:50:34 Asia/Tokyo] PHP  42. Illuminate\Pipeline\Pipeline->Illuminate\Pipeline\{closure}() /home/ubuntu/workspace/task-list/vendor/laravel/framework/src/Illuminate/Pipeline/Pipeline.php:103
[26-Dec-2017 17:50:34 Asia/Tokyo] PHP  43. call_user_func:{/home/ubuntu/workspace/task-list/vendor/laravel/framework/src/Illuminate/Pipeline/Pipeline.php:139}() /home/ubuntu/workspace/task-list/vendor/laravel/framework/src/Illuminate/Pipeline/Pipeline.php:139
[26-Dec-2017 17:50:34 Asia/Tokyo] PHP  44. Illuminate\Routing\ControllerDispatcher->Illuminate\Routing\{closure}() /home/ubuntu/workspace/task-list/vendor/laravel/framework/src/Illuminate/Pipeline/Pipeline.php:139
[26-Dec-2017 17:50:34 Asia/Tokyo] PHP  45. Illuminate\Routing\Router->prepareResponse() /home/ubuntu/workspace/task-list/vendor/laravel/framework/src/Illuminate/Routing/ControllerDispatcher.php:113
[26-Dec-2017 17:50:34 Asia/Tokyo] PHP  46. Symfony\Component\HttpFoundation\Response->__construct() /home/ubuntu/workspace/task-list/vendor/laravel/framework/src/Illuminate/Routing/Router.php:1229
[26-Dec-2017 17:50:34 Asia/Tokyo] PHP  47. Illuminate\Http\Response->setContent() /home/ubuntu/workspace/task-list/vendor/symfony/http-foundation/Response.php:201
[26-Dec-2017 17:50:34 Asia/Tokyo] PHP  48. Illuminate\View\View->render() /home/ubuntu/workspace/task-list/vendor/laravel/framework/src/Illuminate/Http/Response.php:51
[26-Dec-2017 17:50:34 Asia/Tokyo] PHP  49. Illuminate\View\View->renderContents() /home/ubuntu/workspace/task-list/vendor/laravel/framework/src/Illuminate/View/View.php:83
[26-Dec-2017 17:50:34 Asia/Tokyo] PHP  50. Illuminate\View\View->getContents() /home/ubuntu/workspace/task-list/vendor/laravel/framework/src/Illuminate/View/View.php:118
[26-Dec-2017 17:50:34 Asia/Tokyo] PHP  51. Illuminate\View\Engines\CompilerEngine->get() /home/ubuntu/workspace/task-list/vendor/laravel/framework/src/Illuminate/View/View.php:147
[26-Dec-2017 17:50:34 Asia/Tokyo] PHP  52. Illuminate\View\Engines\PhpEngine->evaluatePath() /home/ubuntu/workspace/task-list/vendor/laravel/framework/src/Illuminate/View/Engines/CompilerEngine.php:58
[26-Dec-2017 18:37:05 Asia/Tokyo] PHP Parse error:  syntax error, unexpected '=>' (T_DOUBLE_ARROW), expecting ']' in /home/ubuntu/workspace/task-list/app/Http/Controllers/TasksController.php on line 83
[26-Dec-2017 18:37:05 Asia/Tokyo] PHP Stack trace:
[26-Dec-2017 18:37:05 Asia/Tokyo] PHP   1. {main}() /home/ubuntu/workspace/task-list/server.php:0
[26-Dec-2017 18:37:05 Asia/Tokyo] PHP   2. require_once() /home/ubuntu/workspace/task-list/server.php:21
[26-Dec-2017 18:37:05 Asia/Tokyo] PHP   3. Illuminate\Foundation\Http\Kernel->handle() /home/ubuntu/workspace/task-list/public/index.php:54
[26-Dec-2017 18:37:05 Asia/Tokyo] PHP   4. Illuminate\Foundation\Http\Kernel->sendRequestThroughRouter() /home/ubuntu/workspace/task-list/vendor/laravel/framework/src/Illuminate/Foundation/Http/Kernel.php:87
[26-Dec-2017 18:37:05 Asia/Tokyo] PHP   5. Illuminate\Pipeline\Pipeline->then() /home/ubuntu/workspace/task-list/vendor/laravel/framework/src/Illuminate/Foundation/Http/Kernel.php:122
[26-Dec-2017 18:37:05 Asia/Tokyo] PHP   6. call_user_func:{/home/ubuntu/workspace/task-list/vendor/laravel/framework/src/Illuminate/Pipeline/Pipeline.php:103}() /home/ubuntu/workspace/task-list/vendor/laravel/framework/src/Illuminate/Pipeline/Pipeline.php:103
[26-Dec-2017 18:37:05 Asia/Tokyo] PHP   7. Illuminate\Pipeline\Pipeline->Illuminate\Pipeline\{closure}() /home/ubuntu/workspace/task-list/vendor/laravel/framework/src/Illuminate/Pipeline/Pipeline.php:103
[26-Dec-2017 18:37:05 Asia/Tokyo] PHP   8. call_user_func_array:{/home/ubuntu/workspace/task-list/vendor/laravel/framework/src/Illuminate/Pipeline/Pipeline.php:124}() /home/ubuntu/workspace/task-list/vendor/laravel/framework/src/Illuminate/Pipeline/Pipeline.php:124
[26-Dec-2017 18:37:05 Asia/Tokyo] PHP   9. Illuminate\Foundation\Http\Middleware\CheckForMaintenanceMode->handle() /home/ubuntu/workspace/task-list/vendor/laravel/framework/src/Illuminate/Pipeline/Pipeline.php:124
[26-Dec-2017 18:37:05 Asia/Tokyo] PHP  10. Illuminate\Pipeline\Pipeline->Illuminate\Pipeline\{closure}() /home/ubuntu/workspace/task-list/vendor/laravel/framework/src/Illuminate/Foundation/Http/Middleware/CheckForMaintenanceMode.php:44
[26-Dec-2017 18:37:05 Asia/Tokyo] PHP  11. call_user_func_array:{/home/ubuntu/workspace/task-list/vendor/laravel/framework/src/Illuminate/Pipeline/Pipeline.php:124}() /home/ubuntu/workspace/task-list/vendor/laravel/framework/src/Illuminate/Pipeline/Pipeline.php:124
[26-Dec-2017 18:37:05 Asia/Tokyo] PHP  12. Illuminate\Cookie\Middleware\EncryptCookies->handle() /home/ubuntu/workspace/task-list/vendor/laravel/framework/src/Illuminate/Pipeline/Pipeline.php:124
[26-Dec-2017 18:37:05 Asia/Tokyo] PHP  13. Illuminate\Pipeline\Pipeline->Illuminate\Pipeline\{closure}() /home/ubuntu/workspace/task-list/vendor/laravel/framework/src/Illuminate/Cookie/Middleware/EncryptCookies.php:59
[26-Dec-2017 18:37:05 Asia/Tokyo] PHP  14. call_user_func_array:{/home/ubuntu/workspace/task-list/vendor/laravel/framework/src/Illuminate/Pipeline/Pipeline.php:124}() /home/ubuntu/workspace/task-list/vendor/laravel/framework/src/Illuminate/Pipeline/Pipeline.php:124
[26-Dec-2017 18:37:05 Asia/Tokyo] PHP  15. Illuminate\Cookie\Middleware\AddQueuedCookiesToResponse->handle() /home/ubuntu/workspace/task-list/vendor/laravel/framework/src/Illuminate/Pipeline/Pipeline.php:124
[26-Dec-2017 18:37:05 Asia/Tokyo] PHP  16. Illuminate\Pipeline\Pipeline->Illuminate\Pipeline\{closure}() /home/ubuntu/workspace/task-list/vendor/laravel/framework/src/Illuminate/Cookie/Middleware/AddQueuedCookiesToResponse.php:37
[26-Dec-2017 18:37:05 Asia/Tokyo] PHP  17. call_user_func_array:{/home/ubuntu/workspace/task-list/vendor/laravel/framework/src/Illuminate/Pipeline/Pipeline.php:124}() /home/ubuntu/workspace/task-list/vendor/laravel/framework/src/Illuminate/Pipeline/Pipeline.php:124
[26-Dec-2017 18:37:05 Asia/Tokyo] PHP  18. Illuminate\Session\Middleware\StartSession->handle() /home/ubuntu/workspace/task-list/vendor/laravel/framework/src/Illuminate/Pipeline/Pipeline.php:124
[26-Dec-2017 18:37:05 Asia/Tokyo] PHP  19. Illuminate\Pipeline\Pipeline->Illuminate\Pipeline\{closure}() /home/ubuntu/workspace/task-list/vendor/laravel/framework/src/Illuminate/Session/Middleware/StartSession.php:62
[26-Dec-2017 18:37:05 Asia/Tokyo] PHP  20. call_user_func_array:{/home/ubuntu/workspace/task-list/vendor/laravel/framework/src/Illuminate/Pipeline/Pipeline.php:124}() /home/ubuntu/workspace/task-list/vendor/laravel/framework/src/Illuminate/Pipeline/Pipeline.php:124
[26-Dec-2017 18:37:05 Asia/Tokyo] PHP  21. Illuminate\View\Middleware\ShareErrorsFromSession->handle() /home/ubuntu/workspace/task-list/vendor/laravel/framework/src/Illuminate/Pipeline/Pipeline.php:124
[26-Dec-2017 18:37:05 Asia/Tokyo] PHP  22. Illuminate\Pipeline\Pipeline->Illuminate\Pipeline\{closure}() /home/ubuntu/workspace/task-list/vendor/laravel/framework/src/Illuminate/View/Middleware/ShareErrorsFromSession.php:49
[26-Dec-2017 18:37:05 Asia/Tokyo] PHP  23. call_user_func_array:{/home/ubuntu/workspace/task-list/vendor/laravel/framework/src/Illuminate/Pipeline/Pipeline.php:124}() /home/ubuntu/workspace/task-list/vendor/laravel/framework/src/Illuminate/Pipeline/Pipeline.php:124
[26-Dec-2017 18:37:05 Asia/Tokyo] PHP  24. Illuminate\Foundation\Http\Middleware\VerifyCsrfToken->handle() /home/ubuntu/workspace/task-list/vendor/laravel/framework/src/Illuminate/Pipeline/Pipeline.php:124
[26-Dec-2017 18:37:05 Asia/Tokyo] PHP  25. Illuminate\Pipeline\Pipeline->Illuminate\Pipeline\{closure}() /home/ubuntu/workspace/task-list/vendor/laravel/framework/src/Illuminate/Foundation/Http/Middleware/VerifyCsrfToken.php:50
[26-Dec-2017 18:37:05 Asia/Tokyo] PHP  26. call_user_func:{/home/ubuntu/workspace/task-list/vendor/laravel/framework/src/Illuminate/Pipeline/Pipeline.php:139}() /home/ubuntu/workspace/task-list/vendor/laravel/framework/src/Illuminate/Pipeline/Pipeline.php:139
[26-Dec-2017 18:37:05 Asia/Tokyo] PHP  27. Illuminate\Foundation\Http\Kernel->Illuminate\Foundation\Http\{closure}() /home/ubuntu/workspace/task-list/vendor/laravel/framework/src/Illuminate/Pipeline/Pipeline.php:139
[26-Dec-2017 18:37:05 Asia/Tokyo] PHP  28. Illuminate\Routing\Router->dispatch() /home/ubuntu/workspace/task-list/vendor/laravel/framework/src/Illuminate/Foundation/Http/Kernel.php:236
[26-Dec-2017 18:37:05 Asia/Tokyo] PHP  29. Illuminate\Routing\Router->dispatchToRoute() /home/ubuntu/workspace/task-list/vendor/laravel/framework/src/Illuminate/Routing/Router.php:635
[26-Dec-2017 18:37:05 Asia/Tokyo] PHP  30. Illuminate\Routing\Router->runRouteWithinStack() /home/ubuntu/workspace/task-list/vendor/laravel/framework/src/Illuminate/Routing/Router.php:675
[26-Dec-2017 18:37:05 Asia/Tokyo] PHP  31. Illuminate\Pipeline\Pipeline->then() /home/ubuntu/workspace/task-list/vendor/laravel/framework/src/Illuminate/Routing/Router.php:710
[26-Dec-2017 18:37:05 Asia/Tokyo] PHP  32. call_user_func:{/home/ubuntu/workspace/task-list/vendor/laravel/framework/src/Illuminate/Pipeline/Pipeline.php:103}() /home/ubuntu/workspace/task-list/vendor/laravel/framework/src/Illuminate/Pipeline/Pipeline.php:103
[26-Dec-2017 18:37:05 Asia/Tokyo] PHP  33. Illuminate\Pipeline\Pipeline->Illuminate\Pipeline\{closure}() /home/ubuntu/workspace/task-list/vendor/laravel/framework/src/Illuminate/Pipeline/Pipeline.php:103
[26-Dec-2017 18:37:05 Asia/Tokyo] PHP  34. call_user_func:{/home/ubuntu/workspace/task-list/vendor/laravel/framework/src/Illuminate/Pipeline/Pipeline.php:139}() /home/ubuntu/workspace/task-list/vendor/laravel/framework/src/Illuminate/Pipeline/Pipeline.php:139
[26-Dec-2017 18:37:05 Asia/Tokyo] PHP  35. Illuminate\Routing\Router->Illuminate\Routing\{closure}() /home/ubuntu/workspace/task-list/vendor/laravel/framework/src/Illuminate/Pipeline/Pipeline.php:139
[26-Dec-2017 18:37:05 Asia/Tokyo] PHP  36. Illuminate\Routing\Route->run() /home/ubuntu/workspace/task-list/vendor/laravel/framework/src/Illuminate/Routing/Router.php:708
[26-Dec-2017 18:37:05 Asia/Tokyo] PHP  37. Illuminate\Routing\Route->runWithCustomDispatcher() /home/ubuntu/workspace/task-list/vendor/laravel/framework/src/Illuminate/Routing/Route.php:134
[26-Dec-2017 18:37:05 Asia/Tokyo] PHP  38. Illuminate\Routing\ControllerDispatcher->dispatch() /home/ubuntu/workspace/task-list/vendor/laravel/framework/src/Illuminate/Routing/Route.php:203
[26-Dec-2017 18:37:05 Asia/Tokyo] PHP  39. Illuminate\Routing\ControllerDispatcher->makeController() /home/ubuntu/workspace/task-list/vendor/laravel/framework/src/Illuminate/Routing/ControllerDispatcher.php:57
[26-Dec-2017 18:37:05 Asia/Tokyo] PHP  40. Illuminate\Foundation\Application->make() /home/ubuntu/workspace/task-list/vendor/laravel/framework/src/Illuminate/Routing/ControllerDispatcher.php:85
[26-Dec-2017 18:37:05 Asia/Tokyo] PHP  41. Illuminate\Container\Container->make() /home/ubuntu/workspace/task-list/vendor/laravel/framework/src/Illuminate/Foundation/Application.php:674
[26-Dec-2017 18:37:05 Asia/Tokyo] PHP  42. Illuminate\Container\Container->build() /home/ubuntu/workspace/task-list/vendor/laravel/framework/src/Illuminate/Container/Container.php:631
[26-Dec-2017 18:37:05 Asia/Tokyo] PHP  43. ReflectionClass->__construct() /home/ubuntu/workspace/task-list/vendor/laravel/framework/src/Illuminate/Container/Container.php:741
[26-Dec-2017 18:37:05 Asia/Tokyo] PHP  44. spl_autoload_call() /home/ubuntu/workspace/task-list/vendor/laravel/framework/src/Illuminate/Container/Container.php:741
[26-Dec-2017 18:37:05 Asia/Tokyo] PHP  45. Composer\Autoload\ClassLoader->loadClass() /home/ubuntu/workspace/task-list/vendor/laravel/framework/src/Illuminate/Container/Container.php:741
[26-Dec-2017 18:37:05 Asia/Tokyo] PHP  46. Composer\Autoload\includeFile() /home/ubuntu/workspace/task-list/vendor/composer/ClassLoader.php:322
[28-Dec-2017 15:19:45 Asia/Tokyo] PHP Parse error:  syntax error, unexpected 'layouts' (T_STRING), expecting ']' in /home/ubuntu/workspace/task-list/storage/framework/views/77eaeac85287f7a182e9d84d2f97c145 on line 31
[28-Dec-2017 15:19:45 Asia/Tokyo] PHP Stack trace:
[28-Dec-2017 15:19:45 Asia/Tokyo] PHP   1. {main}() /home/ubuntu/workspace/task-list/server.php:0
[28-Dec-2017 15:19:45 Asia/Tokyo] PHP   2. require_once() /home/ubuntu/workspace/task-list/server.php:21
[28-Dec-2017 15:19:45 Asia/Tokyo] PHP   3. Illuminate\Foundation\Http\Kernel->handle() /home/ubuntu/workspace/task-list/public/index.php:54
[28-Dec-2017 15:19:45 Asia/Tokyo] PHP   4. Illuminate\Foundation\Http\Kernel->sendRequestThroughRouter() /home/ubuntu/workspace/task-list/vendor/laravel/framework/src/Illuminate/Foundation/Http/Kernel.php:87
[28-Dec-2017 15:19:45 Asia/Tokyo] PHP   5. Illuminate\Pipeline\Pipeline->then() /home/ubuntu/workspace/task-list/vendor/laravel/framework/src/Illuminate/Foundation/Http/Kernel.php:122
[28-Dec-2017 15:19:45 Asia/Tokyo] PHP   6. call_user_func:{/home/ubuntu/workspace/task-list/vendor/laravel/framework/src/Illuminate/Pipeline/Pipeline.php:103}() /home/ubuntu/workspace/task-list/vendor/laravel/framework/src/Illuminate/Pipeline/Pipeline.php:103
[28-Dec-2017 15:19:45 Asia/Tokyo] PHP   7. Illuminate\Pipeline\Pipeline->Illuminate\Pipeline\{closure}() /home/ubuntu/workspace/task-list/vendor/laravel/framework/src/Illuminate/Pipeline/Pipeline.php:103
[28-Dec-2017 15:19:45 Asia/Tokyo] PHP   8. call_user_func_array:{/home/ubuntu/workspace/task-list/vendor/laravel/framework/src/Illuminate/Pipeline/Pipeline.php:124}() /home/ubuntu/workspace/task-list/vendor/laravel/framework/src/Illuminate/Pipeline/Pipeline.php:124
[28-Dec-2017 15:19:45 Asia/Tokyo] PHP   9. Illuminate\Foundation\Http\Middleware\CheckForMaintenanceMode->handle() /home/ubuntu/workspace/task-list/vendor/laravel/framework/src/Illuminate/Pipeline/Pipeline.php:124
[28-Dec-2017 15:19:45 Asia/Tokyo] PHP  10. Illuminate\Pipeline\Pipeline->Illuminate\Pipeline\{closure}() /home/ubuntu/workspace/task-list/vendor/laravel/framework/src/Illuminate/Foundation/Http/Middleware/CheckForMaintenanceMode.php:44
[28-Dec-2017 15:19:45 Asia/Tokyo] PHP  11. call_user_func_array:{/home/ubuntu/workspace/task-list/vendor/laravel/framework/src/Illuminate/Pipeline/Pipeline.php:124}() /home/ubuntu/workspace/task-list/vendor/laravel/framework/src/Illuminate/Pipeline/Pipeline.php:124
[28-Dec-2017 15:19:45 Asia/Tokyo] PHP  12. Illuminate\Cookie\Middleware\EncryptCookies->handle() /home/ubuntu/workspace/task-list/vendor/laravel/framework/src/Illuminate/Pipeline/Pipeline.php:124
[28-Dec-2017 15:19:45 Asia/Tokyo] PHP  13. Illuminate\Pipeline\Pipeline->Illuminate\Pipeline\{closure}() /home/ubuntu/workspace/task-list/vendor/laravel/framework/src/Illuminate/Cookie/Middleware/EncryptCookies.php:59
[28-Dec-2017 15:19:45 Asia/Tokyo] PHP  14. call_user_func_array:{/home/ubuntu/workspace/task-list/vendor/laravel/framework/src/Illuminate/Pipeline/Pipeline.php:124}() /home/ubuntu/workspace/task-list/vendor/laravel/framework/src/Illuminate/Pipeline/Pipeline.php:124
[28-Dec-2017 15:19:45 Asia/Tokyo] PHP  15. Illuminate\Cookie\Middleware\AddQueuedCookiesToResponse->handle() /home/ubuntu/workspace/task-list/vendor/laravel/framework/src/Illuminate/Pipeline/Pipeline.php:124
[28-Dec-2017 15:19:45 Asia/Tokyo] PHP  16. Illuminate\Pipeline\Pipeline->Illuminate\Pipeline\{closure}() /home/ubuntu/workspace/task-list/vendor/laravel/framework/src/Illuminate/Cookie/Middleware/AddQueuedCookiesToResponse.php:37
[28-Dec-2017 15:19:45 Asia/Tokyo] PHP  17. call_user_func_array:{/home/ubuntu/workspace/task-list/vendor/laravel/framework/src/Illuminate/Pipeline/Pipeline.php:124}() /home/ubuntu/workspace/task-list/vendor/laravel/framework/src/Illuminate/Pipeline/Pipeline.php:124
[28-Dec-2017 15:19:45 Asia/Tokyo] PHP  18. Illuminate\Session\Middleware\StartSession->handle() /home/ubuntu/workspace/task-list/vendor/laravel/framework/src/Illuminate/Pipeline/Pipeline.php:124
[28-Dec-2017 15:19:45 Asia/Tokyo] PHP  19. Illuminate\Pipeline\Pipeline->Illuminate\Pipeline\{closure}() /home/ubuntu/workspace/task-list/vendor/laravel/framework/src/Illuminate/Session/Middleware/StartSession.php:62
[28-Dec-2017 15:19:45 Asia/Tokyo] PHP  20. call_user_func_array:{/home/ubuntu/workspace/task-list/vendor/laravel/framework/src/Illuminate/Pipeline/Pipeline.php:124}() /home/ubuntu/workspace/task-list/vendor/laravel/framework/src/Illuminate/Pipeline/Pipeline.php:124
[28-Dec-2017 15:19:45 Asia/Tokyo] PHP  21. Illuminate\View\Middleware\ShareErrorsFromSession->handle() /home/ubuntu/workspace/task-list/vendor/laravel/framework/src/Illuminate/Pipeline/Pipeline.php:124
[28-Dec-2017 15:19:45 Asia/Tokyo] PHP  22. Illuminate\Pipeline\Pipeline->Illuminate\Pipeline\{closure}() /home/ubuntu/workspace/task-list/vendor/laravel/framework/src/Illuminate/View/Middleware/ShareErrorsFromSession.php:49
[28-Dec-2017 15:19:45 Asia/Tokyo] PHP  23. call_user_func_array:{/home/ubuntu/workspace/task-list/vendor/laravel/framework/src/Illuminate/Pipeline/Pipeline.php:124}() /home/ubuntu/workspace/task-list/vendor/laravel/framework/src/Illuminate/Pipeline/Pipeline.php:124
[28-Dec-2017 15:19:45 Asia/Tokyo] PHP  24. Illuminate\Foundation\Http\Middleware\VerifyCsrfToken->handle() /home/ubuntu/workspace/task-list/vendor/laravel/framework/src/Illuminate/Pipeline/Pipeline.php:124
[28-Dec-2017 15:19:45 Asia/Tokyo] PHP  25. Illuminate\Pipeline\Pipeline->Illuminate\Pipeline\{closure}() /home/ubuntu/workspace/task-list/vendor/laravel/framework/src/Illuminate/Foundation/Http/Middleware/VerifyCsrfToken.php:50
[28-Dec-2017 15:19:45 Asia/Tokyo] PHP  26. call_user_func:{/home/ubuntu/workspace/task-list/vendor/laravel/framework/src/Illuminate/Pipeline/Pipeline.php:139}() /home/ubuntu/workspace/task-list/vendor/laravel/framework/src/Illuminate/Pipeline/Pipeline.php:139
[28-Dec-2017 15:19:45 Asia/Tokyo] PHP  27. Illuminate\Foundation\Http\Kernel->Illuminate\Foundation\Http\{closure}() /home/ubuntu/workspace/task-list/vendor/laravel/framework/src/Illuminate/Pipeline/Pipeline.php:139
[28-Dec-2017 15:19:45 Asia/Tokyo] PHP  28. Illuminate\Routing\Router->dispatch() /home/ubuntu/workspace/task-list/vendor/laravel/framework/src/Illuminate/Foundation/Http/Kernel.php:236
[28-Dec-2017 15:19:45 Asia/Tokyo] PHP  29. Illuminate\Routing\Router->dispatchToRoute() /home/ubuntu/workspace/task-list/vendor/laravel/framework/src/Illuminate/Routing/Router.php:635
[28-Dec-2017 15:19:45 Asia/Tokyo] PHP  30. Illuminate\Routing\Router->runRouteWithinStack() /home/ubuntu/workspace/task-list/vendor/laravel/framework/src/Illuminate/Routing/Router.php:675
[28-Dec-2017 15:19:45 Asia/Tokyo] PHP  31. Illuminate\Pipeline\Pipeline->then() /home/ubuntu/workspace/task-list/vendor/laravel/framework/src/Illuminate/Routing/Router.php:710
[28-Dec-2017 15:19:45 Asia/Tokyo] PHP  32. call_user_func:{/home/ubuntu/workspace/task-list/vendor/laravel/framework/src/Illuminate/Pipeline/Pipeline.php:103}() /home/ubuntu/workspace/task-list/vendor/laravel/framework/src/Illuminate/Pipeline/Pipeline.php:103
[28-Dec-2017 15:19:45 Asia/Tokyo] PHP  33. Illuminate\Pipeline\Pipeline->Illuminate\Pipeline\{closure}() /home/ubuntu/workspace/task-list/vendor/laravel/framework/src/Illuminate/Pipeline/Pipeline.php:103
[28-Dec-2017 15:19:45 Asia/Tokyo] PHP  34. call_user_func:{/home/ubuntu/workspace/task-list/vendor/laravel/framework/src/Illuminate/Pipeline/Pipeline.php:139}() /home/ubuntu/workspace/task-list/vendor/laravel/framework/src/Illuminate/Pipeline/Pipeline.php:139
[28-Dec-2017 15:19:45 Asia/Tokyo] PHP  35. Illuminate\Routing\Router->Illuminate\Routing\{closure}() /home/ubuntu/workspace/task-list/vendor/laravel/framework/src/Illuminate/Pipeline/Pipeline.php:139
[28-Dec-2017 15:19:45 Asia/Tokyo] PHP  36. Illuminate\Routing\Route->run() /home/ubuntu/workspace/task-list/vendor/laravel/framework/src/Illuminate/Routing/Router.php:708
[28-Dec-2017 15:19:45 Asia/Tokyo] PHP  37. Illuminate\Routing\Route->runWithCustomDispatcher() /home/ubuntu/workspace/task-list/vendor/laravel/framework/src/Illuminate/Routing/Route.php:134
[28-Dec-2017 15:19:45 Asia/Tokyo] PHP  38. Illuminate\Routing\ControllerDispatcher->dispatch() /home/ubuntu/workspace/task-list/vendor/laravel/framework/src/Illuminate/Routing/Route.php:203
[28-Dec-2017 15:19:45 Asia/Tokyo] PHP  39. Illuminate\Routing\ControllerDispatcher->callWithinStack() /home/ubuntu/workspace/task-list/vendor/laravel/framework/src/Illuminate/Routing/ControllerDispatcher.php:69
[28-Dec-2017 15:19:45 Asia/Tokyo] PHP  40. Illuminate\Pipeline\Pipeline->then() /home/ubuntu/workspace/task-list/vendor/laravel/framework/src/Illuminate/Routing/ControllerDispatcher.php:114
[28-Dec-2017 15:19:45 Asia/Tokyo] PHP  41. call_user_func:{/home/ubuntu/workspace/task-list/vendor/laravel/framework/src/Illuminate/Pipeline/Pipeline.php:103}() /home/ubuntu/workspace/task-list/vendor/laravel/framework/src/Illuminate/Pipeline/Pipeline.php:103
[28-Dec-2017 15:19:45 Asia/Tokyo] PHP  42. Illuminate\Pipeline\Pipeline->Illuminate\Pipeline\{closure}() /home/ubuntu/workspace/task-list/vendor/laravel/framework/src/Illuminate/Pipeline/Pipeline.php:103
[28-Dec-2017 15:19:45 Asia/Tokyo] PHP  43. call_user_func:{/home/ubuntu/workspace/task-list/vendor/laravel/framework/src/Illuminate/Pipeline/Pipeline.php:139}() /home/ubuntu/workspace/task-list/vendor/laravel/framework/src/Illuminate/Pipeline/Pipeline.php:139
[28-Dec-2017 15:19:45 Asia/Tokyo] PHP  44. Illuminate\Routing\ControllerDispatcher->Illuminate\Routing\{closure}() /home/ubuntu/workspace/task-list/vendor/laravel/framework/src/Illuminate/Pipeline/Pipeline.php:139
[28-Dec-2017 15:19:45 Asia/Tokyo] PHP  45. Illuminate\Routing\Router->prepareResponse() /home/ubuntu/workspace/task-list/vendor/laravel/framework/src/Illuminate/Routing/ControllerDispatcher.php:113
[28-Dec-2017 15:19:45 Asia/Tokyo] PHP  46. Symfony\Component\HttpFoundation\Response->__construct() /home/ubuntu/workspace/task-list/vendor/laravel/framework/src/Illuminate/Routing/Router.php:1229
[28-Dec-2017 15:19:45 Asia/Tokyo] PHP  47. Illuminate\Http\Response->setContent() /home/ubuntu/workspace/task-list/vendor/symfony/http-foundation/Response.php:201
[28-Dec-2017 15:19:45 Asia/Tokyo] PHP  48. Illuminate\View\View->render() /home/ubuntu/workspace/task-list/vendor/laravel/framework/src/Illuminate/Http/Response.php:51
[28-Dec-2017 15:19:45 Asia/Tokyo] PHP  49. Illuminate\View\View->renderContents() /home/ubuntu/workspace/task-list/vendor/laravel/framework/src/Illuminate/View/View.php:83
[28-Dec-2017 15:19:45 Asia/Tokyo] PHP  50. Illuminate\View\View->getContents() /home/ubuntu/workspace/task-list/vendor/laravel/framework/src/Illuminate/View/View.php:118
[28-Dec-2017 15:19:45 Asia/Tokyo] PHP  51. Illuminate\View\Engines\CompilerEngine->get() /home/ubuntu/workspace/task-list/vendor/laravel/framework/src/Illuminate/View/View.php:147
[28-Dec-2017 15:19:45 Asia/Tokyo] PHP  52. Illuminate\View\Engines\PhpEngine->evaluatePath() /home/ubuntu/workspace/task-list/vendor/laravel/framework/src/Illuminate/View/Engines/CompilerEngine.php:58
[28-Dec-2017 15:21:36 Asia/Tokyo] PHP Parse error:  syntax error, unexpected 'layouts' (T_STRING), expecting ']' in /home/ubuntu/workspace/task-list/storage/framework/views/77eaeac85287f7a182e9d84d2f97c145 on line 31
[28-Dec-2017 15:21:36 Asia/Tokyo] PHP Stack trace:
[28-Dec-2017 15:21:36 Asia/Tokyo] PHP   1. {main}() /home/ubuntu/workspace/task-list/server.php:0
[28-Dec-2017 15:21:36 Asia/Tokyo] PHP   2. require_once() /home/ubuntu/workspace/task-list/server.php:21
[28-Dec-2017 15:21:36 Asia/Tokyo] PHP   3. Illuminate\Foundation\Http\Kernel->handle() /home/ubuntu/workspace/task-list/public/index.php:54
[28-Dec-2017 15:21:36 Asia/Tokyo] PHP   4. Illuminate\Foundation\Http\Kernel->sendRequestThroughRouter() /home/ubuntu/workspace/task-list/vendor/laravel/framework/src/Illuminate/Foundation/Http/Kernel.php:87
[28-Dec-2017 15:21:36 Asia/Tokyo] PHP   5. Illuminate\Pipeline\Pipeline->then() /home/ubuntu/workspace/task-list/vendor/laravel/framework/src/Illuminate/Foundation/Http/Kernel.php:122
[28-Dec-2017 15:21:36 Asia/Tokyo] PHP   6. call_user_func:{/home/ubuntu/workspace/task-list/vendor/laravel/framework/src/Illuminate/Pipeline/Pipeline.php:103}() /home/ubuntu/workspace/task-list/vendor/laravel/framework/src/Illuminate/Pipeline/Pipeline.php:103
[28-Dec-2017 15:21:36 Asia/Tokyo] PHP   7. Illuminate\Pipeline\Pipeline->Illuminate\Pipeline\{closure}() /home/ubuntu/workspace/task-list/vendor/laravel/framework/src/Illuminate/Pipeline/Pipeline.php:103
[28-Dec-2017 15:21:36 Asia/Tokyo] PHP   8. call_user_func_array:{/home/ubuntu/workspace/task-list/vendor/laravel/framework/src/Illuminate/Pipeline/Pipeline.php:124}() /home/ubuntu/workspace/task-list/vendor/laravel/framework/src/Illuminate/Pipeline/Pipeline.php:124
[28-Dec-2017 15:21:36 Asia/Tokyo] PHP   9. Illuminate\Foundation\Http\Middleware\CheckForMaintenanceMode->handle() /home/ubuntu/workspace/task-list/vendor/laravel/framework/src/Illuminate/Pipeline/Pipeline.php:124
[28-Dec-2017 15:21:36 Asia/Tokyo] PHP  10. Illuminate\Pipeline\Pipeline->Illuminate\Pipeline\{closure}() /home/ubuntu/workspace/task-list/vendor/laravel/framework/src/Illuminate/Foundation/Http/Middleware/CheckForMaintenanceMode.php:44
[28-Dec-2017 15:21:36 Asia/Tokyo] PHP  11. call_user_func_array:{/home/ubuntu/workspace/task-list/vendor/laravel/framework/src/Illuminate/Pipeline/Pipeline.php:124}() /home/ubuntu/workspace/task-list/vendor/laravel/framework/src/Illuminate/Pipeline/Pipeline.php:124
[28-Dec-2017 15:21:36 Asia/Tokyo] PHP  12. Illuminate\Cookie\Middleware\EncryptCookies->handle() /home/ubuntu/workspace/task-list/vendor/laravel/framework/src/Illuminate/Pipeline/Pipeline.php:124
[28-Dec-2017 15:21:36 Asia/Tokyo] PHP  13. Illuminate\Pipeline\Pipeline->Illuminate\Pipeline\{closure}() /home/ubuntu/workspace/task-list/vendor/laravel/framework/src/Illuminate/Cookie/Middleware/EncryptCookies.php:59
[28-Dec-2017 15:21:36 Asia/Tokyo] PHP  14. call_user_func_array:{/home/ubuntu/workspace/task-list/vendor/laravel/framework/src/Illuminate/Pipeline/Pipeline.php:124}() /home/ubuntu/workspace/task-list/vendor/laravel/framework/src/Illuminate/Pipeline/Pipeline.php:124
[28-Dec-2017 15:21:36 Asia/Tokyo] PHP  15. Illuminate\Cookie\Middleware\AddQueuedCookiesToResponse->handle() /home/ubuntu/workspace/task-list/vendor/laravel/framework/src/Illuminate/Pipeline/Pipeline.php:124
[28-Dec-2017 15:21:36 Asia/Tokyo] PHP  16. Illuminate\Pipeline\Pipeline->Illuminate\Pipeline\{closure}() /home/ubuntu/workspace/task-list/vendor/laravel/framework/src/Illuminate/Cookie/Middleware/AddQueuedCookiesToResponse.php:37
[28-Dec-2017 15:21:36 Asia/Tokyo] PHP  17. call_user_func_array:{/home/ubuntu/workspace/task-list/vendor/laravel/framework/src/Illuminate/Pipeline/Pipeline.php:124}() /home/ubuntu/workspace/task-list/vendor/laravel/framework/src/Illuminate/Pipeline/Pipeline.php:124
[28-Dec-2017 15:21:36 Asia/Tokyo] PHP  18. Illuminate\Session\Middleware\StartSession->handle() /home/ubuntu/workspace/task-list/vendor/laravel/framework/src/Illuminate/Pipeline/Pipeline.php:124
[28-Dec-2017 15:21:36 Asia/Tokyo] PHP  19. Illuminate\Pipeline\Pipeline->Illuminate\Pipeline\{closure}() /home/ubuntu/workspace/task-list/vendor/laravel/framework/src/Illuminate/Session/Middleware/StartSession.php:62
[28-Dec-2017 15:21:36 Asia/Tokyo] PHP  20. call_user_func_array:{/home/ubuntu/workspace/task-list/vendor/laravel/framework/src/Illuminate/Pipeline/Pipeline.php:124}() /home/ubuntu/workspace/task-list/vendor/laravel/framework/src/Illuminate/Pipeline/Pipeline.php:124
[28-Dec-2017 15:21:36 Asia/Tokyo] PHP  21. Illuminate\View\Middleware\ShareErrorsFromSession->handle() /home/ubuntu/workspace/task-list/vendor/laravel/framework/src/Illuminate/Pipeline/Pipeline.php:124
[28-Dec-2017 15:21:36 Asia/Tokyo] PHP  22. Illuminate\Pipeline\Pipeline->Illuminate\Pipeline\{closure}() /home/ubuntu/workspace/task-list/vendor/laravel/framework/src/Illuminate/View/Middleware/ShareErrorsFromSession.php:49
[28-Dec-2017 15:21:36 Asia/Tokyo] PHP  23. call_user_func_array:{/home/ubuntu/workspace/task-list/vendor/laravel/framework/src/Illuminate/Pipeline/Pipeline.php:124}() /home/ubuntu/workspace/task-list/vendor/laravel/framework/src/Illuminate/Pipeline/Pipeline.php:124
[28-Dec-2017 15:21:36 Asia/Tokyo] PHP  24. Illuminate\Foundation\Http\Middleware\VerifyCsrfToken->handle() /home/ubuntu/workspace/task-list/vendor/laravel/framework/src/Illuminate/Pipeline/Pipeline.php:124
[28-Dec-2017 15:21:36 Asia/Tokyo] PHP  25. Illuminate\Pipeline\Pipeline->Illuminate\Pipeline\{closure}() /home/ubuntu/workspace/task-list/vendor/laravel/framework/src/Illuminate/Foundation/Http/Middleware/VerifyCsrfToken.php:50
[28-Dec-2017 15:21:36 Asia/Tokyo] PHP  26. call_user_func:{/home/ubuntu/workspace/task-list/vendor/laravel/framework/src/Illuminate/Pipeline/Pipeline.php:139}() /home/ubuntu/workspace/task-list/vendor/laravel/framework/src/Illuminate/Pipeline/Pipeline.php:139
[28-Dec-2017 15:21:36 Asia/Tokyo] PHP  27. Illuminate\Foundation\Http\Kernel->Illuminate\Foundation\Http\{closure}() /home/ubuntu/workspace/task-list/vendor/laravel/framework/src/Illuminate/Pipeline/Pipeline.php:139
[28-Dec-2017 15:21:36 Asia/Tokyo] PHP  28. Illuminate\Routing\Router->dispatch() /home/ubuntu/workspace/task-list/vendor/laravel/framework/src/Illuminate/Foundation/Http/Kernel.php:236
[28-Dec-2017 15:21:36 Asia/Tokyo] PHP  29. Illuminate\Routing\Router->dispatchToRoute() /home/ubuntu/workspace/task-list/vendor/laravel/framework/src/Illuminate/Routing/Router.php:635
[28-Dec-2017 15:21:36 Asia/Tokyo] PHP  30. Illuminate\Routing\Router->runRouteWithinStack() /home/ubuntu/workspace/task-list/vendor/laravel/framework/src/Illuminate/Routing/Router.php:675
[28-Dec-2017 15:21:36 Asia/Tokyo] PHP  31. Illuminate\Pipeline\Pipeline->then() /home/ubuntu/workspace/task-list/vendor/laravel/framework/src/Illuminate/Routing/Router.php:710
[28-Dec-2017 15:21:36 Asia/Tokyo] PHP  32. call_user_func:{/home/ubuntu/workspace/task-list/vendor/laravel/framework/src/Illuminate/Pipeline/Pipeline.php:103}() /home/ubuntu/workspace/task-list/vendor/laravel/framework/src/Illuminate/Pipeline/Pipeline.php:103
[28-Dec-2017 15:21:36 Asia/Tokyo] PHP  33. Illuminate\Pipeline\Pipeline->Illuminate\Pipeline\{closure}() /home/ubuntu/workspace/task-list/vendor/laravel/framework/src/Illuminate/Pipeline/Pipeline.php:103
[28-Dec-2017 15:21:36 Asia/Tokyo] PHP  34. call_user_func:{/home/ubuntu/workspace/task-list/vendor/laravel/framework/src/Illuminate/Pipeline/Pipeline.php:139}() /home/ubuntu/workspace/task-list/vendor/laravel/framework/src/Illuminate/Pipeline/Pipeline.php:139
[28-Dec-2017 15:21:36 Asia/Tokyo] PHP  35. Illuminate\Routing\Router->Illuminate\Routing\{closure}() /home/ubuntu/workspace/task-list/vendor/laravel/framework/src/Illuminate/Pipeline/Pipeline.php:139
[28-Dec-2017 15:21:36 Asia/Tokyo] PHP  36. Illuminate\Routing\Route->run() /home/ubuntu/workspace/task-list/vendor/laravel/framework/src/Illuminate/Routing/Router.php:708
[28-Dec-2017 15:21:36 Asia/Tokyo] PHP  37. Illuminate\Routing\Route->runWithCustomDispatcher() /home/ubuntu/workspace/task-list/vendor/laravel/framework/src/Illuminate/Routing/Route.php:134
[28-Dec-2017 15:21:36 Asia/Tokyo] PHP  38. Illuminate\Routing\ControllerDispatcher->dispatch() /home/ubuntu/workspace/task-list/vendor/laravel/framework/src/Illuminate/Routing/Route.php:203
[28-Dec-2017 15:21:36 Asia/Tokyo] PHP  39. Illuminate\Routing\ControllerDispatcher->callWithinStack() /home/ubuntu/workspace/task-list/vendor/laravel/framework/src/Illuminate/Routing/ControllerDispatcher.php:69
[28-Dec-2017 15:21:36 Asia/Tokyo] PHP  40. Illuminate\Pipeline\Pipeline->then() /home/ubuntu/workspace/task-list/vendor/laravel/framework/src/Illuminate/Routing/ControllerDispatcher.php:114
[28-Dec-2017 15:21:36 Asia/Tokyo] PHP  41. call_user_func:{/home/ubuntu/workspace/task-list/vendor/laravel/framework/src/Illuminate/Pipeline/Pipeline.php:103}() /home/ubuntu/workspace/task-list/vendor/laravel/framework/src/Illuminate/Pipeline/Pipeline.php:103
[28-Dec-2017 15:21:36 Asia/Tokyo] PHP  42. Illuminate\Pipeline\Pipeline->Illuminate\Pipeline\{closure}() /home/ubuntu/workspace/task-list/vendor/laravel/framework/src/Illuminate/Pipeline/Pipeline.php:103
[28-Dec-2017 15:21:36 Asia/Tokyo] PHP  43. call_user_func:{/home/ubuntu/workspace/task-list/vendor/laravel/framework/src/Illuminate/Pipeline/Pipeline.php:139}() /home/ubuntu/workspace/task-list/vendor/laravel/framework/src/Illuminate/Pipeline/Pipeline.php:139
[28-Dec-2017 15:21:36 Asia/Tokyo] PHP  44. Illuminate\Routing\ControllerDispatcher->Illuminate\Routing\{closure}() /home/ubuntu/workspace/task-list/vendor/laravel/framework/src/Illuminate/Pipeline/Pipeline.php:139
[28-Dec-2017 15:21:36 Asia/Tokyo] PHP  45. Illuminate\Routing\Router->prepareResponse() /home/ubuntu/workspace/task-list/vendor/laravel/framework/src/Illuminate/Routing/ControllerDispatcher.php:113
[28-Dec-2017 15:21:36 Asia/Tokyo] PHP  46. Symfony\Component\HttpFoundation\Response->__construct() /home/ubuntu/workspace/task-list/vendor/laravel/framework/src/Illuminate/Routing/Router.php:1229
[28-Dec-2017 15:21:36 Asia/Tokyo] PHP  47. Illuminate\Http\Response->setContent() /home/ubuntu/workspace/task-list/vendor/symfony/http-foundation/Response.php:201
[28-Dec-2017 15:21:36 Asia/Tokyo] PHP  48. Illuminate\View\View->render() /home/ubuntu/workspace/task-list/vendor/laravel/framework/src/Illuminate/Http/Response.php:51
[28-Dec-2017 15:21:36 Asia/Tokyo] PHP  49. Illuminate\View\View->renderContents() /home/ubuntu/workspace/task-list/vendor/laravel/framework/src/Illuminate/View/View.php:83
[28-Dec-2017 15:21:36 Asia/Tokyo] PHP  50. Illuminate\View\View->getContents() /home/ubuntu/workspace/task-list/vendor/laravel/framework/src/Illuminate/View/View.php:118
[28-Dec-2017 15:21:36 Asia/Tokyo] PHP  51. Illuminate\View\Engines\CompilerEngine->get() /home/ubuntu/workspace/task-list/vendor/laravel/framework/src/Illuminate/View/View.php:147
[28-Dec-2017 15:21:36 Asia/Tokyo] PHP  52. Illuminate\View\Engines\PhpEngine->evaluatePath() /home/ubuntu/workspace/task-list/vendor/laravel/framework/src/Illuminate/View/Engines/CompilerEngine.php:58
[19-Jan-2018 11:00:18 Asia/Tokyo] PHP Parse error:  syntax error, unexpected end of file in /home/ubuntu/workspace/task-list/storage/framework/views/c72f664f75e6322650fdf4a6ad694c51 on line 25
[19-Jan-2018 11:00:18 Asia/Tokyo] PHP Stack trace:
[19-Jan-2018 11:00:18 Asia/Tokyo] PHP   1. {main}() /home/ubuntu/workspace/task-list/server.php:0
[19-Jan-2018 11:00:18 Asia/Tokyo] PHP   2. require_once() /home/ubuntu/workspace/task-list/server.php:21
[19-Jan-2018 11:00:18 Asia/Tokyo] PHP   3. Illuminate\Foundation\Http\Kernel->handle() /home/ubuntu/workspace/task-list/public/index.php:54
[19-Jan-2018 11:00:18 Asia/Tokyo] PHP   4. Illuminate\Foundation\Http\Kernel->sendRequestThroughRouter() /home/ubuntu/workspace/task-list/vendor/laravel/framework/src/Illuminate/Foundation/Http/Kernel.php:87
[19-Jan-2018 11:00:18 Asia/Tokyo] PHP   5. Illuminate\Pipeline\Pipeline->then() /home/ubuntu/workspace/task-list/vendor/laravel/framework/src/Illuminate/Foundation/Http/Kernel.php:122
[19-Jan-2018 11:00:18 Asia/Tokyo] PHP   6. call_user_func:{/home/ubuntu/workspace/task-list/vendor/laravel/framework/src/Illuminate/Pipeline/Pipeline.php:103}() /home/ubuntu/workspace/task-list/vendor/laravel/framework/src/Illuminate/Pipeline/Pipeline.php:103
[19-Jan-2018 11:00:18 Asia/Tokyo] PHP   7. Illuminate\Pipeline\Pipeline->Illuminate\Pipeline\{closure}() /home/ubuntu/workspace/task-list/vendor/laravel/framework/src/Illuminate/Pipeline/Pipeline.php:103
[19-Jan-2018 11:00:18 Asia/Tokyo] PHP   8. call_user_func_array:{/home/ubuntu/workspace/task-list/vendor/laravel/framework/src/Illuminate/Pipeline/Pipeline.php:124}() /home/ubuntu/workspace/task-list/vendor/laravel/framework/src/Illuminate/Pipeline/Pipeline.php:124
[19-Jan-2018 11:00:18 Asia/Tokyo] PHP   9. Illuminate\Foundation\Http\Middleware\CheckForMaintenanceMode->handle() /home/ubuntu/workspace/task-list/vendor/laravel/framework/src/Illuminate/Pipeline/Pipeline.php:124
[19-Jan-2018 11:00:18 Asia/Tokyo] PHP  10. Illuminate\Pipeline\Pipeline->Illuminate\Pipeline\{closure}() /home/ubuntu/workspace/task-list/vendor/laravel/framework/src/Illuminate/Foundation/Http/Middleware/CheckForMaintenanceMode.php:44
[19-Jan-2018 11:00:18 Asia/Tokyo] PHP  11. call_user_func_array:{/home/ubuntu/workspace/task-list/vendor/laravel/framework/src/Illuminate/Pipeline/Pipeline.php:124}() /home/ubuntu/workspace/task-list/vendor/laravel/framework/src/Illuminate/Pipeline/Pipeline.php:124
[19-Jan-2018 11:00:18 Asia/Tokyo] PHP  12. Illuminate\Cookie\Middleware\EncryptCookies->handle() /home/ubuntu/workspace/task-list/vendor/laravel/framework/src/Illuminate/Pipeline/Pipeline.php:124
[19-Jan-2018 11:00:18 Asia/Tokyo] PHP  13. Illuminate\Pipeline\Pipeline->Illuminate\Pipeline\{closure}() /home/ubuntu/workspace/task-list/vendor/laravel/framework/src/Illuminate/Cookie/Middleware/EncryptCookies.php:59
[19-Jan-2018 11:00:18 Asia/Tokyo] PHP  14. call_user_func_array:{/home/ubuntu/workspace/task-list/vendor/laravel/framework/src/Illuminate/Pipeline/Pipeline.php:124}() /home/ubuntu/workspace/task-list/vendor/laravel/framework/src/Illuminate/Pipeline/Pipeline.php:124
[19-Jan-2018 11:00:18 Asia/Tokyo] PHP  15. Illuminate\Cookie\Middleware\AddQueuedCookiesToResponse->handle() /home/ubuntu/workspace/task-list/vendor/laravel/framework/src/Illuminate/Pipeline/Pipeline.php:124
[19-Jan-2018 11:00:18 Asia/Tokyo] PHP  16. Illuminate\Pipeline\Pipeline->Illuminate\Pipeline\{closure}() /home/ubuntu/workspace/task-list/vendor/laravel/framework/src/Illuminate/Cookie/Middleware/AddQueuedCookiesToResponse.php:37
[19-Jan-2018 11:00:18 Asia/Tokyo] PHP  17. call_user_func_array:{/home/ubuntu/workspace/task-list/vendor/laravel/framework/src/Illuminate/Pipeline/Pipeline.php:124}() /home/ubuntu/workspace/task-list/vendor/laravel/framework/src/Illuminate/Pipeline/Pipeline.php:124
[19-Jan-2018 11:00:18 Asia/Tokyo] PHP  18. Illuminate\Session\Middleware\StartSession->handle() /home/ubuntu/workspace/task-list/vendor/laravel/framework/src/Illuminate/Pipeline/Pipeline.php:124
[19-Jan-2018 11:00:18 Asia/Tokyo] PHP  19. Illuminate\Pipeline\Pipeline->Illuminate\Pipeline\{closure}() /home/ubuntu/workspace/task-list/vendor/laravel/framework/src/Illuminate/Session/Middleware/StartSession.php:62
[19-Jan-2018 11:00:18 Asia/Tokyo] PHP  20. call_user_func_array:{/home/ubuntu/workspace/task-list/vendor/laravel/framework/src/Illuminate/Pipeline/Pipeline.php:124}() /home/ubuntu/workspace/task-list/vendor/laravel/framework/src/Illuminate/Pipeline/Pipeline.php:124
[19-Jan-2018 11:00:18 Asia/Tokyo] PHP  21. Illuminate\View\Middleware\ShareErrorsFromSession->handle() /home/ubuntu/workspace/task-list/vendor/laravel/framework/src/Illuminate/Pipeline/Pipeline.php:124
[19-Jan-2018 11:00:18 Asia/Tokyo] PHP  22. Illuminate\Pipeline\Pipeline->Illuminate\Pipeline\{closure}() /home/ubuntu/workspace/task-list/vendor/laravel/framework/src/Illuminate/View/Middleware/ShareErrorsFromSession.php:49
[19-Jan-2018 11:00:18 Asia/Tokyo] PHP  23. call_user_func_array:{/home/ubuntu/workspace/task-list/vendor/laravel/framework/src/Illuminate/Pipeline/Pipeline.php:124}() /home/ubuntu/workspace/task-list/vendor/laravel/framework/src/Illuminate/Pipeline/Pipeline.php:124
[19-Jan-2018 11:00:18 Asia/Tokyo] PHP  24. Illuminate\Foundation\Http\Middleware\VerifyCsrfToken->handle() /home/ubuntu/workspace/task-list/vendor/laravel/framework/src/Illuminate/Pipeline/Pipeline.php:124
[19-Jan-2018 11:00:18 Asia/Tokyo] PHP  25. Illuminate\Pipeline\Pipeline->Illuminate\Pipeline\{closure}() /home/ubuntu/workspace/task-list/vendor/laravel/framework/src/Illuminate/Foundation/Http/Middleware/VerifyCsrfToken.php:50
[19-Jan-2018 11:00:18 Asia/Tokyo] PHP  26. call_user_func:{/home/ubuntu/workspace/task-list/vendor/laravel/framework/src/Illuminate/Pipeline/Pipeline.php:139}() /home/ubuntu/workspace/task-list/vendor/laravel/framework/src/Illuminate/Pipeline/Pipeline.php:139
[19-Jan-2018 11:00:18 Asia/Tokyo] PHP  27. Illuminate\Foundation\Http\Kernel->Illuminate\Foundation\Http\{closure}() /home/ubuntu/workspace/task-list/vendor/laravel/framework/src/Illuminate/Pipeline/Pipeline.php:139
[19-Jan-2018 11:00:18 Asia/Tokyo] PHP  28. Illuminate\Routing\Router->dispatch() /home/ubuntu/workspace/task-list/vendor/laravel/framework/src/Illuminate/Foundation/Http/Kernel.php:236
[19-Jan-2018 11:00:18 Asia/Tokyo] PHP  29. Illuminate\Routing\Router->dispatchToRoute() /home/ubuntu/workspace/task-list/vendor/laravel/framework/src/Illuminate/Routing/Router.php:635
[19-Jan-2018 11:00:18 Asia/Tokyo] PHP  30. Illuminate\Routing\Router->runRouteWithinStack() /home/ubuntu/workspace/task-list/vendor/laravel/framework/src/Illuminate/Routing/Router.php:675
[19-Jan-2018 11:00:18 Asia/Tokyo] PHP  31. Illuminate\Pipeline\Pipeline->then() /home/ubuntu/workspace/task-list/vendor/laravel/framework/src/Illuminate/Routing/Router.php:710
[19-Jan-2018 11:00:18 Asia/Tokyo] PHP  32. call_user_func:{/home/ubuntu/workspace/task-list/vendor/laravel/framework/src/Illuminate/Pipeline/Pipeline.php:103}() /home/ubuntu/workspace/task-list/vendor/laravel/framework/src/Illuminate/Pipeline/Pipeline.php:103
[19-Jan-2018 11:00:18 Asia/Tokyo] PHP  33. Illuminate\Pipeline\Pipeline->Illuminate\Pipeline\{closure}() /home/ubuntu/workspace/task-list/vendor/laravel/framework/src/Illuminate/Pipeline/Pipeline.php:103
[19-Jan-2018 11:00:18 Asia/Tokyo] PHP  34. call_user_func:{/home/ubuntu/workspace/task-list/vendor/laravel/framework/src/Illuminate/Pipeline/Pipeline.php:139}() /home/ubuntu/workspace/task-list/vendor/laravel/framework/src/Illuminate/Pipeline/Pipeline.php:139
[19-Jan-2018 11:00:18 Asia/Tokyo] PHP  35. Illuminate\Routing\Router->Illuminate\Routing\{closure}() /home/ubuntu/workspace/task-list/vendor/laravel/framework/src/Illuminate/Pipeline/Pipeline.php:139
[19-Jan-2018 11:00:18 Asia/Tokyo] PHP  36. Illuminate\Routing\Route->run() /home/ubuntu/workspace/task-list/vendor/laravel/framework/src/Illuminate/Routing/Router.php:708
[19-Jan-2018 11:00:18 Asia/Tokyo] PHP  37. Illuminate\Routing\Route->runWithCustomDispatcher() /home/ubuntu/workspace/task-list/vendor/laravel/framework/src/Illuminate/Routing/Route.php:134
[19-Jan-2018 11:00:18 Asia/Tokyo] PHP  38. Illuminate\Routing\ControllerDispatcher->dispatch() /home/ubuntu/workspace/task-list/vendor/laravel/framework/src/Illuminate/Routing/Route.php:203
[19-Jan-2018 11:00:18 Asia/Tokyo] PHP  39. Illuminate\Routing\ControllerDispatcher->callWithinStack() /home/ubuntu/workspace/task-list/vendor/laravel/framework/src/Illuminate/Routing/ControllerDispatcher.php:69
[19-Jan-2018 11:00:18 Asia/Tokyo] PHP  40. Illuminate\Pipeline\Pipeline->then() /home/ubuntu/workspace/task-list/vendor/laravel/framework/src/Illuminate/Routing/ControllerDispatcher.php:114
[19-Jan-2018 11:00:18 Asia/Tokyo] PHP  41. call_user_func:{/home/ubuntu/workspace/task-list/vendor/laravel/framework/src/Illuminate/Pipeline/Pipeline.php:103}() /home/ubuntu/workspace/task-list/vendor/laravel/framework/src/Illuminate/Pipeline/Pipeline.php:103
[19-Jan-2018 11:00:18 Asia/Tokyo] PHP  42. Illuminate\Pipeline\Pipeline->Illuminate\Pipeline\{closure}() /home/ubuntu/workspace/task-list/vendor/laravel/framework/src/Illuminate/Pipeline/Pipeline.php:103
[19-Jan-2018 11:00:18 Asia/Tokyo] PHP  43. call_user_func:{/home/ubuntu/workspace/task-list/vendor/laravel/framework/src/Illuminate/Pipeline/Pipeline.php:139}() /home/ubuntu/workspace/task-list/vendor/laravel/framework/src/Illuminate/Pipeline/Pipeline.php:139
[19-Jan-2018 11:00:18 Asia/Tokyo] PHP  44. Illuminate\Routing\ControllerDispatcher->Illuminate\Routing\{closure}() /home/ubuntu/workspace/task-list/vendor/laravel/framework/src/Illuminate/Pipeline/Pipeline.php:139
[19-Jan-2018 11:00:18 Asia/Tokyo] PHP  45. Illuminate\Routing\Router->prepareResponse() /home/ubuntu/workspace/task-list/vendor/laravel/framework/src/Illuminate/Routing/ControllerDispatcher.php:113
[19-Jan-2018 11:00:18 Asia/Tokyo] PHP  46. Symfony\Component\HttpFoundation\Response->__construct() /home/ubuntu/workspace/task-list/vendor/laravel/framework/src/Illuminate/Routing/Router.php:1229
[19-Jan-2018 11:00:18 Asia/Tokyo] PHP  47. Illuminate\Http\Response->setContent() /home/ubuntu/workspace/task-list/vendor/symfony/http-foundation/Response.php:201
[19-Jan-2018 11:00:18 Asia/Tokyo] PHP  48. Illuminate\View\View->render() /home/ubuntu/workspace/task-list/vendor/laravel/framework/src/Illuminate/Http/Response.php:51
[19-Jan-2018 11:00:18 Asia/Tokyo] PHP  49. Illuminate\View\View->renderContents() /home/ubuntu/workspace/task-list/vendor/laravel/framework/src/Illuminate/View/View.php:83
[19-Jan-2018 11:00:18 Asia/Tokyo] PHP  50. Illuminate\View\View->getContents() /home/ubuntu/workspace/task-list/vendor/laravel/framework/src/Illuminate/View/View.php:118
[19-Jan-2018 11:00:18 Asia/Tokyo] PHP  51. Illuminate\View\Engines\CompilerEngine->get() /home/ubuntu/workspace/task-list/vendor/laravel/framework/src/Illuminate/View/View.php:147
[19-Jan-2018 11:00:18 Asia/Tokyo] PHP  52. Illuminate\View\Engines\PhpEngine->evaluatePath() /home/ubuntu/workspace/task-list/vendor/laravel/framework/src/Illuminate/View/Engines/CompilerEngine.php:58
[19-Jan-2018 11:00:18 Asia/Tokyo] PHP  53. include() /home/ubuntu/workspace/task-list/vendor/laravel/framework/src/Illuminate/View/Engines/PhpEngine.php:42
[19-Jan-2018 11:00:18 Asia/Tokyo] PHP  54. Illuminate\View\View->render() /home/ubuntu/workspace/task-list/storage/framework/views/77eaeac85287f7a182e9d84d2f97c145:33
[19-Jan-2018 11:00:18 Asia/Tokyo] PHP  55. Illuminate\View\View->renderContents() /home/ubuntu/workspace/task-list/vendor/laravel/framework/src/Illuminate/View/View.php:83
[19-Jan-2018 11:00:18 Asia/Tokyo] PHP  56. Illuminate\View\View->getContents() /home/ubuntu/workspace/task-list/vendor/laravel/framework/src/Illuminate/View/View.php:118
[19-Jan-2018 11:00:18 Asia/Tokyo] PHP  57. Illuminate\View\Engines\CompilerEngine->get() /home/ubuntu/workspace/task-list/vendor/laravel/framework/src/Illuminate/View/View.php:147
[19-Jan-2018 11:00:18 Asia/Tokyo] PHP  58. Illuminate\View\Engines\PhpEngine->evaluatePath() /home/ubuntu/workspace/task-list/vendor/laravel/framework/src/Illuminate/View/Engines/CompilerEngine.php:58
[19-Jan-2018 11:00:18 Asia/Tokyo] PHP  59. include() /home/ubuntu/workspace/task-list/vendor/laravel/framework/src/Illuminate/View/Engines/PhpEngine.php:42
[19-Jan-2018 11:00:18 Asia/Tokyo] PHP  60. Illuminate\View\View->render() /home/ubuntu/workspace/task-list/storage/framework/views/0de6c231ffc2ac24549ae7d677c02194:16
[19-Jan-2018 11:00:18 Asia/Tokyo] PHP  61. Illuminate\View\View->renderContents() /home/ubuntu/workspace/task-list/vendor/laravel/framework/src/Illuminate/View/View.php:83
[19-Jan-2018 11:00:18 Asia/Tokyo] PHP  62. Illuminate\View\View->getContents() /home/ubuntu/workspace/task-list/vendor/laravel/framework/src/Illuminate/View/View.php:118
[19-Jan-2018 11:00:18 Asia/Tokyo] PHP  63. Illuminate\View\Engines\CompilerEngine->get() /home/ubuntu/workspace/task-list/vendor/laravel/framework/src/Illuminate/View/View.php:147
[19-Jan-2018 11:00:18 Asia/Tokyo] PHP  64. Illuminate\View\Engines\PhpEngine->evaluatePath() /home/ubuntu/workspace/task-list/vendor/laravel/framework/src/Illuminate/View/Engines/CompilerEngine.php:58
